<?xml version="1.0" encoding="UTF-8"?>
<testng-results skipped="0" failed="1" total="7" passed="6">
  <reporter-output>
  </reporter-output>
  <suite name="Surefire suite" duration-ms="88911" started-at="2016-09-07T15:10:50Z" finished-at="2016-09-07T15:12:18Z">
    <groups>
    </groups>
    <test name="Surefire test" duration-ms="88911" started-at="2016-09-07T15:10:50Z" finished-at="2016-09-07T15:12:18Z">
      <class name="RegistrationTest">
        <test-method status="PASS" signature="registration()[pri:0, instance:RegistrationTest@3b6c624]" name="registration" duration-ms="7131" started-at="2016-09-07T18:11:11Z" finished-at="2016-09-07T18:11:18Z">
          <reporter-output>
          </reporter-output>
        </test-method> <!-- registration -->
      </class> <!-- RegistrationTest -->
      <class name="SearchTest">
        <test-method status="PASS" signature="searchTest()[pri:0, instance:SearchTest@c81fd12]" name="searchTest" duration-ms="4132" started-at="2016-09-07T18:11:37Z" finished-at="2016-09-07T18:11:41Z">
          <reporter-output>
          </reporter-output>
        </test-method> <!-- searchTest -->
      </class> <!-- SearchTest -->
      <class name="ContactUsTest">
        <test-method status="PASS" signature="contactUsPageFormFillingAndErrorMessageReceiving()[pri:0, instance:ContactUsTest@2e380628]" name="contactUsPageFormFillingAndErrorMessageReceiving" duration-ms="3429" started-at="2016-09-07T18:11:05Z" finished-at="2016-09-07T18:11:08Z">
          <reporter-output>
          </reporter-output>
        </test-method> <!-- contactUsPageFormFillingAndErrorMessageReceiving -->
        <test-method status="PASS" signature="contactUsPageFormFillingAndSuccessfulMessageReceiving()[pri:0, instance:ContactUsTest@2e380628]" name="contactUsPageFormFillingAndSuccessfulMessageReceiving" duration-ms="2575" started-at="2016-09-07T18:11:08Z" finished-at="2016-09-07T18:11:11Z">
          <reporter-output>
          </reporter-output>
        </test-method> <!-- contactUsPageFormFillingAndSuccessfulMessageReceiving -->
      </class> <!-- ContactUsTest -->
      <class name="CatalogTest">
        <test-method status="PASS" signature="setUp()[pri:0, instance:CatalogTest@6e1f8469]" name="setUp" is-config="true" duration-ms="10324" started-at="2016-09-07T18:10:50Z" finished-at="2016-09-07T18:11:00Z">
          <reporter-output>
          </reporter-output>
        </test-method> <!-- setUp -->
        <test-method status="PASS" signature="catalogTest()[pri:0, instance:CatalogTest@6e1f8469]" name="catalogTest" duration-ms="3292" started-at="2016-09-07T18:11:00Z" finished-at="2016-09-07T18:11:03Z">
          <reporter-output>
          </reporter-output>
        </test-method> <!-- catalogTest -->
        <test-method status="PASS" signature="tearDown()[pri:0, instance:CatalogTest@6e1f8469]" name="tearDown" is-config="true" duration-ms="1492" started-at="2016-09-07T18:12:17Z" finished-at="2016-09-07T18:12:18Z">
          <reporter-output>
          </reporter-output>
        </test-method> <!-- tearDown -->
      </class> <!-- CatalogTest -->
      <class name="SearchGoodsAddCartAndDeleteTest">
        <test-method status="PASS" signature="searchGoods()[pri:0, instance:SearchGoodsAddCartAndDeleteTest@1eaf1e62]" name="searchGoods" duration-ms="17780" started-at="2016-09-07T18:11:19Z" finished-at="2016-09-07T18:11:36Z">
          <reporter-output>
          </reporter-output>
        </test-method> <!-- searchGoods -->
      </class> <!-- SearchGoodsAddCartAndDeleteTest -->
      <class name="ShopingTest">
        <test-method status="FAIL" signature="buyGoods()[pri:0, instance:ShopingTest@62e6a3ec]" name="buyGoods" duration-ms="35606" started-at="2016-09-07T18:11:41Z" finished-at="2016-09-07T18:12:17Z">
          <exception class="org.openqa.selenium.NoSuchElementException">
            <message>
              <![CDATA[no such element: Unable to locate element: {"method":"css selector","selector":"#email"}
  (Session info: chrome=52.0.2743.116)
  (Driver info: chromedriver=2.22.397933 (1cab651507b88dec79b2b2a22d1943c01833cc1b),platform=Windows NT 10.0.14393 x86_64) (WARNING: The server did not provide any stacktrace information)
Command duration or timeout: 20.05 seconds
For documentation on this error, please visit: http://seleniumhq.org/exceptions/no_such_element.html
Build info: version: 'unknown', revision: 'c7b525d', time: '2016-09-01 14:57:44 -0700'
System info: host: 'WIN-52KHUB8PPPL', ip: '192.168.56.1', os.name: 'Windows 10', os.arch: 'amd64', os.version: '10.0', java.version: '1.8.0_101'
Driver info: org.openqa.selenium.chrome.ChromeDriver
Capabilities [{applicationCacheEnabled=false, rotatable=false, mobileEmulationEnabled=false, chrome={chromedriverVersion=2.22.397933 (1cab651507b88dec79b2b2a22d1943c01833cc1b), userDataDir=C:\Users\User\AppData\Local\Temp\scoped_dir11228_30567}, takesHeapSnapshot=true, databaseEnabled=false, handlesAlerts=true, hasTouchScreen=false, version=52.0.2743.116, platform=XP, browserConnectionEnabled=false, nativeEvents=true, acceptSslCerts=true, locationContextEnabled=true, webStorageEnabled=true, browserName=chrome, takesScreenshot=true, javascriptEnabled=true, cssSelectorsEnabled=true}]
Session ID: d17c72e1126f0c88f20a943b9da37c86
*** Element info: {Using=css selector, value=#email}]]>
            </message>
            <full-stacktrace>
              <![CDATA[org.openqa.selenium.NoSuchElementException: no such element: Unable to locate element: {"method":"css selector","selector":"#email"}
  (Session info: chrome=52.0.2743.116)
  (Driver info: chromedriver=2.22.397933 (1cab651507b88dec79b2b2a22d1943c01833cc1b),platform=Windows NT 10.0.14393 x86_64) (WARNING: The server did not provide any stacktrace information)
Command duration or timeout: 20.05 seconds
For documentation on this error, please visit: http://seleniumhq.org/exceptions/no_such_element.html
Build info: version: 'unknown', revision: 'c7b525d', time: '2016-09-01 14:57:44 -0700'
System info: host: 'WIN-52KHUB8PPPL', ip: '192.168.56.1', os.name: 'Windows 10', os.arch: 'amd64', os.version: '10.0', java.version: '1.8.0_101'
Driver info: org.openqa.selenium.chrome.ChromeDriver
Capabilities [{applicationCacheEnabled=false, rotatable=false, mobileEmulationEnabled=false, chrome={chromedriverVersion=2.22.397933 (1cab651507b88dec79b2b2a22d1943c01833cc1b), userDataDir=C:\Users\User\AppData\Local\Temp\scoped_dir11228_30567}, takesHeapSnapshot=true, databaseEnabled=false, handlesAlerts=true, hasTouchScreen=false, version=52.0.2743.116, platform=XP, browserConnectionEnabled=false, nativeEvents=true, acceptSslCerts=true, locationContextEnabled=true, webStorageEnabled=true, browserName=chrome, takesScreenshot=true, javascriptEnabled=true, cssSelectorsEnabled=true}]
Session ID: d17c72e1126f0c88f20a943b9da37c86
*** Element info: {Using=css selector, value=#email}
	at sun.reflect.NativeConstructorAccessorImpl.newInstance0(Native Method)
	at sun.reflect.NativeConstructorAccessorImpl.newInstance(NativeConstructorAccessorImpl.java:62)
	at sun.reflect.DelegatingConstructorAccessorImpl.newInstance(DelegatingConstructorAccessorImpl.java:45)
	at java.lang.reflect.Constructor.newInstance(Constructor.java:423)
	at org.openqa.selenium.remote.ErrorHandler.createThrowable(ErrorHandler.java:206)
	at org.openqa.selenium.remote.ErrorHandler.throwIfResponseFailed(ErrorHandler.java:158)
	at org.openqa.selenium.remote.RemoteWebDriver.execute(RemoteWebDriver.java:631)
	at org.openqa.selenium.remote.RemoteWebDriver.findElement(RemoteWebDriver.java:369)
	at org.openqa.selenium.remote.RemoteWebDriver.findElementByCssSelector(RemoteWebDriver.java:466)
	at org.openqa.selenium.By$ByCssSelector.findElement(By.java:430)
	at org.openqa.selenium.remote.RemoteWebDriver.findElement(RemoteWebDriver.java:361)
	at pages.SignInPage.enterMailForAccount(SignInPage.java:25)
	at ShopingTest.buyGoods(ShopingTest.java:22)
	at sun.reflect.NativeMethodAccessorImpl.invoke0(Native Method)
	at sun.reflect.NativeMethodAccessorImpl.invoke(NativeMethodAccessorImpl.java:62)
	at sun.reflect.DelegatingMethodAccessorImpl.invoke(DelegatingMethodAccessorImpl.java:43)
	at java.lang.reflect.Method.invoke(Method.java:498)
	at org.testng.internal.MethodInvocationHelper.invokeMethod(MethodInvocationHelper.java:86)
	at org.testng.internal.Invoker.invokeMethod(Invoker.java:643)
	at org.testng.internal.Invoker.invokeTestMethod(Invoker.java:820)
	at org.testng.internal.Invoker.invokeTestMethods(Invoker.java:1128)
	at org.testng.internal.TestMethodWorker.invokeTestMethods(TestMethodWorker.java:129)
	at org.testng.internal.TestMethodWorker.run(TestMethodWorker.java:112)
	at org.testng.TestRunner.privateRun(TestRunner.java:782)
	at org.testng.TestRunner.run(TestRunner.java:632)
	at org.testng.SuiteRunner.runTest(SuiteRunner.java:366)
	at org.testng.SuiteRunner.runSequentially(SuiteRunner.java:361)
	at org.testng.SuiteRunner.privateRun(SuiteRunner.java:319)
	at org.testng.SuiteRunner.run(SuiteRunner.java:268)
	at org.testng.SuiteRunnerWorker.runSuite(SuiteRunnerWorker.java:52)
	at org.testng.SuiteRunnerWorker.run(SuiteRunnerWorker.java:86)
	at org.testng.TestNG.runSuitesSequentially(TestNG.java:1244)
	at org.testng.TestNG.runSuitesLocally(TestNG.java:1169)
	at org.testng.TestNG.run(TestNG.java:1064)
	at org.apache.maven.surefire.testng.TestNGExecutor.run(TestNGExecutor.java:132)
	at org.apache.maven.surefire.testng.TestNGDirectoryTestSuite.executeMulti(TestNGDirectoryTestSuite.java:193)
	at org.apache.maven.surefire.testng.TestNGDirectoryTestSuite.execute(TestNGDirectoryTestSuite.java:94)
	at org.apache.maven.surefire.testng.TestNGProvider.invoke(TestNGProvider.java:147)
	at org.apache.maven.surefire.booter.ForkedBooter.invokeProviderInSameClassLoader(ForkedBooter.java:290)
	at org.apache.maven.surefire.booter.ForkedBooter.runSuitesInProcess(ForkedBooter.java:242)
	at org.apache.maven.surefire.booter.ForkedBooter.main(ForkedBooter.java:121)
]]>
            </full-stacktrace>
          </exception> <!-- org.openqa.selenium.NoSuchElementException -->
          <reporter-output>
          </reporter-output>
        </test-method> <!-- buyGoods -->
      </class> <!-- ShopingTest -->
    </test> <!-- Surefire test -->
  </suite> <!-- Surefire suite -->
</testng-results>
